[14-Jun-2023 04:31:21 UTC] PHP Warning:  include(/home/stagtbny/accr-rav.staggings.in/vendor/composer/../../app/Http/Kernel.php): Failed to open stream: No such file or directory in /home/stagtbny/accr-rav.staggings.in/vendor/composer/ClassLoader.php on line 571
[14-Jun-2023 04:31:21 UTC] PHP Warning:  include(): Failed opening '/home/stagtbny/accr-rav.staggings.in/vendor/composer/../../app/Http/Kernel.php' for inclusion (include_path='.:/opt/alt/php80/usr/share/pear:/opt/alt/php80/usr/share/php:/usr/share/pear:/usr/share/php') in /home/stagtbny/accr-rav.staggings.in/vendor/composer/ClassLoader.php on line 571
[14-Jun-2023 04:31:21 UTC] PHP Fatal error:  Uncaught ReflectionException: Class "App\Http\Kernel" does not exist in /home/stagtbny/accr-rav.staggings.in/vendor/laravel/framework/src/Illuminate/Container/Container.php:889
Stack trace:
#0 /home/stagtbny/accr-rav.staggings.in/vendor/laravel/framework/src/Illuminate/Container/Container.php(889): ReflectionClass->__construct()
#1 /home/stagtbny/accr-rav.staggings.in/vendor/laravel/framework/src/Illuminate/Container/Container.php(770): Illuminate\Container\Container->build()
#2 /home/stagtbny/accr-rav.staggings.in/vendor/laravel/framework/src/Illuminate/Foundation/Application.php(856): Illuminate\Container\Container->resolve()
#3 /home/stagtbny/accr-rav.staggings.in/vendor/laravel/framework/src/Illuminate/Container/Container.php(296): Illuminate\Foundation\Application->resolve()
#4 /home/stagtbny/accr-rav.staggings.in/vendor/laravel/framework/src/Illuminate/Container/Container.php(885): Illuminate\Container\Container->Illuminate\Container\{closure}()
#5 /home/stagtbny/accr-rav.staggings.in/vendor/laravel/framework/src/Illuminate/Container/Container.php(770): Illuminate\Container\Container->build()
#6 /home/stagtbny/accr-rav.staggings.in/vendor/laravel/framework/src/Illuminate/Foundation/Application.php(856): Illuminate\Container\Container->resolve()
#7 /home/stagtbny/accr-rav.staggings.in/vendor/laravel/framework/src/Illuminate/Container/Container.php(706): Illuminate\Foundation\Application->resolve()
#8 /home/stagtbny/accr-rav.staggings.in/vendor/laravel/framework/src/Illuminate/Foundation/Application.php(841): Illuminate\Container\Container->make()
#9 /home/stagtbny/accr-rav.staggings.in/public/index.php(49): Illuminate\Foundation\Application->make()
#10 {main}

Next Illuminate\Contracts\Container\BindingResolutionException: Target class [App\Http\Kernel] does not exist. in /home/stagtbny/accr-rav.staggings.in/vendor/laravel/framework/src/Illuminate/Container/Container.php:891
Stack trace:
#0 /home/stagtbny/accr-rav.staggings.in/vendor/laravel/framework/src/Illuminate/Container/Container.php(770): Illuminate\Container\Container->build()
#1 /home/stagtbny/accr-rav.staggings.in/vendor/laravel/framework/src/Illuminate/Foundation/Application.php(856): Illuminate\Container\Container->resolve()
#2 /home/stagtbny/accr-rav.staggings.in/vendor/laravel/framework/src/Illuminate/Container/Container.php(296): Illuminate\Foundation\Application->resolve()
#3 /home/stagtbny/accr-rav.staggings.in/vendor/laravel/framework/src/Illuminate/Container/Container.php(885): Illuminate\Container\Container->Illuminate\Container\{closure}()
#4 /home/stagtbny/accr-rav.staggings.in/vendor/laravel/framework/src/Illuminate/Container/Container.php(770): Illuminate\Container\Container->build()
#5 /home/stagtbny/accr-rav.staggings.in/vendor/laravel/framework/src/Illuminate/Foundation/Application.php(856): Illuminate\Container\Container->resolve()
#6 /home/stagtbny/accr-rav.staggings.in/vendor/laravel/framework/src/Illuminate/Container/Container.php(706): Illuminate\Foundation\Application->resolve()
#7 /home/stagtbny/accr-rav.staggings.in/vendor/laravel/framework/src/Illuminate/Foundation/Application.php(841): Illuminate\Container\Container->make()
#8 /home/stagtbny/accr-rav.staggings.in/public/index.php(49): Illuminate\Foundation\Application->make()
#9 {main}
  thrown in /home/stagtbny/accr-rav.staggings.in/vendor/laravel/framework/src/Illuminate/Container/Container.php on line 891
[14-Jun-2023 04:32:43 UTC] PHP Warning:  include(/home/stagtbny/accr-rav.staggings.in/vendor/composer/../../app/Http/Kernel.php): Failed to open stream: No such file or directory in /home/stagtbny/accr-rav.staggings.in/vendor/composer/ClassLoader.php on line 571
[14-Jun-2023 04:32:43 UTC] PHP Warning:  include(): Failed opening '/home/stagtbny/accr-rav.staggings.in/vendor/composer/../../app/Http/Kernel.php' for inclusion (include_path='.:/opt/alt/php80/usr/share/pear:/opt/alt/php80/usr/share/php:/usr/share/pear:/usr/share/php') in /home/stagtbny/accr-rav.staggings.in/vendor/composer/ClassLoader.php on line 571
[14-Jun-2023 04:32:43 UTC] PHP Fatal error:  Uncaught ReflectionException: Class "App\Http\Kernel" does not exist in /home/stagtbny/accr-rav.staggings.in/vendor/laravel/framework/src/Illuminate/Container/Container.php:889
Stack trace:
#0 /home/stagtbny/accr-rav.staggings.in/vendor/laravel/framework/src/Illuminate/Container/Container.php(889): ReflectionClass->__construct()
#1 /home/stagtbny/accr-rav.staggings.in/vendor/laravel/framework/src/Illuminate/Container/Container.php(770): Illuminate\Container\Container->build()
#2 /home/stagtbny/accr-rav.staggings.in/vendor/laravel/framework/src/Illuminate/Foundation/Application.php(856): Illuminate\Container\Container->resolve()
#3 /home/stagtbny/accr-rav.staggings.in/vendor/laravel/framework/src/Illuminate/Container/Container.php(296): Illuminate\Foundation\Application->resolve()
#4 /home/stagtbny/accr-rav.staggings.in/vendor/laravel/framework/src/Illuminate/Container/Container.php(885): Illuminate\Container\Container->Illuminate\Container\{closure}()
#5 /home/stagtbny/accr-rav.staggings.in/vendor/laravel/framework/src/Illuminate/Container/Container.php(770): Illuminate\Container\Container->build()
#6 /home/stagtbny/accr-rav.staggings.in/vendor/laravel/framework/src/Illuminate/Foundation/Application.php(856): Illuminate\Container\Container->resolve()
#7 /home/stagtbny/accr-rav.staggings.in/vendor/laravel/framework/src/Illuminate/Container/Container.php(706): Illuminate\Foundation\Application->resolve()
#8 /home/stagtbny/accr-rav.staggings.in/vendor/laravel/framework/src/Illuminate/Foundation/Application.php(841): Illuminate\Container\Container->make()
#9 /home/stagtbny/accr-rav.staggings.in/public/index.php(49): Illuminate\Foundation\Application->make()
#10 {main}

Next Illuminate\Contracts\Container\BindingResolutionException: Target class [App\Http\Kernel] does not exist. in /home/stagtbny/accr-rav.staggings.in/vendor/laravel/framework/src/Illuminate/Container/Container.php:891
Stack trace:
#0 /home/stagtbny/accr-rav.staggings.in/vendor/laravel/framework/src/Illuminate/Container/Container.php(770): Illuminate\Container\Container->build()
#1 /home/stagtbny/accr-rav.staggings.in/vendor/laravel/framework/src/Illuminate/Foundation/Application.php(856): Illuminate\Container\Container->resolve()
#2 /home/stagtbny/accr-rav.staggings.in/vendor/laravel/framework/src/Illuminate/Container/Container.php(296): Illuminate\Foundation\Application->resolve()
#3 /home/stagtbny/accr-rav.staggings.in/vendor/laravel/framework/src/Illuminate/Container/Container.php(885): Illuminate\Container\Container->Illuminate\Container\{closure}()
#4 /home/stagtbny/accr-rav.staggings.in/vendor/laravel/framework/src/Illuminate/Container/Container.php(770): Illuminate\Container\Container->build()
#5 /home/stagtbny/accr-rav.staggings.in/vendor/laravel/framework/src/Illuminate/Foundation/Application.php(856): Illuminate\Container\Container->resolve()
#6 /home/stagtbny/accr-rav.staggings.in/vendor/laravel/framework/src/Illuminate/Container/Container.php(706): Illuminate\Foundation\Application->resolve()
#7 /home/stagtbny/accr-rav.staggings.in/vendor/laravel/framework/src/Illuminate/Foundation/Application.php(841): Illuminate\Container\Container->make()
#8 /home/stagtbny/accr-rav.staggings.in/public/index.php(49): Illuminate\Foundation\Application->make()
#9 {main}
  thrown in /home/stagtbny/accr-rav.staggings.in/vendor/laravel/framework/src/Illuminate/Container/Container.php on line 891
[14-Jun-2023 04:34:36 UTC] PHP Warning:  include(/home/stagtbny/accr-rav.staggings.in/vendor/composer/../../app/Http/Kernel.php): Failed to open stream: No such file or directory in /home/stagtbny/accr-rav.staggings.in/vendor/composer/ClassLoader.php on line 571
[14-Jun-2023 04:34:36 UTC] PHP Warning:  include(): Failed opening '/home/stagtbny/accr-rav.staggings.in/vendor/composer/../../app/Http/Kernel.php' for inclusion (include_path='.:/opt/alt/php80/usr/share/pear:/opt/alt/php80/usr/share/php:/usr/share/pear:/usr/share/php') in /home/stagtbny/accr-rav.staggings.in/vendor/composer/ClassLoader.php on line 571
[14-Jun-2023 04:34:36 UTC] PHP Fatal error:  Uncaught ReflectionException: Class "App\Http\Kernel" does not exist in /home/stagtbny/accr-rav.staggings.in/vendor/laravel/framework/src/Illuminate/Container/Container.php:889
Stack trace:
#0 /home/stagtbny/accr-rav.staggings.in/vendor/laravel/framework/src/Illuminate/Container/Container.php(889): ReflectionClass->__construct()
#1 /home/stagtbny/accr-rav.staggings.in/vendor/laravel/framework/src/Illuminate/Container/Container.php(770): Illuminate\Container\Container->build()
#2 /home/stagtbny/accr-rav.staggings.in/vendor/laravel/framework/src/Illuminate/Foundation/Application.php(856): Illuminate\Container\Container->resolve()
#3 /home/stagtbny/accr-rav.staggings.in/vendor/laravel/framework/src/Illuminate/Container/Container.php(296): Illuminate\Foundation\Application->resolve()
#4 /home/stagtbny/accr-rav.staggings.in/vendor/laravel/framework/src/Illuminate/Container/Container.php(885): Illuminate\Container\Container->Illuminate\Container\{closure}()
#5 /home/stagtbny/accr-rav.staggings.in/vendor/laravel/framework/src/Illuminate/Container/Container.php(770): Illuminate\Container\Container->build()
#6 /home/stagtbny/accr-rav.staggings.in/vendor/laravel/framework/src/Illuminate/Foundation/Application.php(856): Illuminate\Container\Container->resolve()
#7 /home/stagtbny/accr-rav.staggings.in/vendor/laravel/framework/src/Illuminate/Container/Container.php(706): Illuminate\Foundation\Application->resolve()
#8 /home/stagtbny/accr-rav.staggings.in/vendor/laravel/framework/src/Illuminate/Foundation/Application.php(841): Illuminate\Container\Container->make()
#9 /home/stagtbny/accr-rav.staggings.in/public/index.php(49): Illuminate\Foundation\Application->make()
#10 {main}

Next Illuminate\Contracts\Container\BindingResolutionException: Target class [App\Http\Kernel] does not exist. in /home/stagtbny/accr-rav.staggings.in/vendor/laravel/framework/src/Illuminate/Container/Container.php:891
Stack trace:
#0 /home/stagtbny/accr-rav.staggings.in/vendor/laravel/framework/src/Illuminate/Container/Container.php(770): Illuminate\Container\Container->build()
#1 /home/stagtbny/accr-rav.staggings.in/vendor/laravel/framework/src/Illuminate/Foundation/Application.php(856): Illuminate\Container\Container->resolve()
#2 /home/stagtbny/accr-rav.staggings.in/vendor/laravel/framework/src/Illuminate/Container/Container.php(296): Illuminate\Foundation\Application->resolve()
#3 /home/stagtbny/accr-rav.staggings.in/vendor/laravel/framework/src/Illuminate/Container/Container.php(885): Illuminate\Container\Container->Illuminate\Container\{closure}()
#4 /home/stagtbny/accr-rav.staggings.in/vendor/laravel/framework/src/Illuminate/Container/Container.php(770): Illuminate\Container\Container->build()
#5 /home/stagtbny/accr-rav.staggings.in/vendor/laravel/framework/src/Illuminate/Foundation/Application.php(856): Illuminate\Container\Container->resolve()
#6 /home/stagtbny/accr-rav.staggings.in/vendor/laravel/framework/src/Illuminate/Container/Container.php(706): Illuminate\Foundation\Application->resolve()
#7 /home/stagtbny/accr-rav.staggings.in/vendor/laravel/framework/src/Illuminate/Foundation/Application.php(841): Illuminate\Container\Container->make()
#8 /home/stagtbny/accr-rav.staggings.in/public/index.php(49): Illuminate\Foundation\Application->make()
#9 {main}
  thrown in /home/stagtbny/accr-rav.staggings.in/vendor/laravel/framework/src/Illuminate/Container/Container.php on line 891
[14-Jun-2023 04:34:54 UTC] PHP Warning:  include(/home/stagtbny/accr-rav.staggings.in/vendor/composer/../../app/Http/Kernel.php): Failed to open stream: No such file or directory in /home/stagtbny/accr-rav.staggings.in/vendor/composer/ClassLoader.php on line 571
[14-Jun-2023 04:34:54 UTC] PHP Warning:  include(): Failed opening '/home/stagtbny/accr-rav.staggings.in/vendor/composer/../../app/Http/Kernel.php' for inclusion (include_path='.:/opt/alt/php80/usr/share/pear:/opt/alt/php80/usr/share/php:/usr/share/pear:/usr/share/php') in /home/stagtbny/accr-rav.staggings.in/vendor/composer/ClassLoader.php on line 571
[14-Jun-2023 04:34:54 UTC] PHP Fatal error:  Uncaught ReflectionException: Class "App\Http\Kernel" does not exist in /home/stagtbny/accr-rav.staggings.in/vendor/laravel/framework/src/Illuminate/Container/Container.php:889
Stack trace:
#0 /home/stagtbny/accr-rav.staggings.in/vendor/laravel/framework/src/Illuminate/Container/Container.php(889): ReflectionClass->__construct()
#1 /home/stagtbny/accr-rav.staggings.in/vendor/laravel/framework/src/Illuminate/Container/Container.php(770): Illuminate\Container\Container->build()
#2 /home/stagtbny/accr-rav.staggings.in/vendor/laravel/framework/src/Illuminate/Foundation/Application.php(856): Illuminate\Container\Container->resolve()
#3 /home/stagtbny/accr-rav.staggings.in/vendor/laravel/framework/src/Illuminate/Container/Container.php(296): Illuminate\Foundation\Application->resolve()
#4 /home/stagtbny/accr-rav.staggings.in/vendor/laravel/framework/src/Illuminate/Container/Container.php(885): Illuminate\Container\Container->Illuminate\Container\{closure}()
#5 /home/stagtbny/accr-rav.staggings.in/vendor/laravel/framework/src/Illuminate/Container/Container.php(770): Illuminate\Container\Container->build()
#6 /home/stagtbny/accr-rav.staggings.in/vendor/laravel/framework/src/Illuminate/Foundation/Application.php(856): Illuminate\Container\Container->resolve()
#7 /home/stagtbny/accr-rav.staggings.in/vendor/laravel/framework/src/Illuminate/Container/Container.php(706): Illuminate\Foundation\Application->resolve()
#8 /home/stagtbny/accr-rav.staggings.in/vendor/laravel/framework/src/Illuminate/Foundation/Application.php(841): Illuminate\Container\Container->make()
#9 /home/stagtbny/accr-rav.staggings.in/public/index.php(49): Illuminate\Foundation\Application->make()
#10 {main}

Next Illuminate\Contracts\Container\BindingResolutionException: Target class [App\Http\Kernel] does not exist. in /home/stagtbny/accr-rav.staggings.in/vendor/laravel/framework/src/Illuminate/Container/Container.php:891
Stack trace:
#0 /home/stagtbny/accr-rav.staggings.in/vendor/laravel/framework/src/Illuminate/Container/Container.php(770): Illuminate\Container\Container->build()
#1 /home/stagtbny/accr-rav.staggings.in/vendor/laravel/framework/src/Illuminate/Foundation/Application.php(856): Illuminate\Container\Container->resolve()
#2 /home/stagtbny/accr-rav.staggings.in/vendor/laravel/framework/src/Illuminate/Container/Container.php(296): Illuminate\Foundation\Application->resolve()
#3 /home/stagtbny/accr-rav.staggings.in/vendor/laravel/framework/src/Illuminate/Container/Container.php(885): Illuminate\Container\Container->Illuminate\Container\{closure}()
#4 /home/stagtbny/accr-rav.staggings.in/vendor/laravel/framework/src/Illuminate/Container/Container.php(770): Illuminate\Container\Container->build()
#5 /home/stagtbny/accr-rav.staggings.in/vendor/laravel/framework/src/Illuminate/Foundation/Application.php(856): Illuminate\Container\Container->resolve()
#6 /home/stagtbny/accr-rav.staggings.in/vendor/laravel/framework/src/Illuminate/Container/Container.php(706): Illuminate\Foundation\Application->resolve()
#7 /home/stagtbny/accr-rav.staggings.in/vendor/laravel/framework/src/Illuminate/Foundation/Application.php(841): Illuminate\Container\Container->make()
#8 /home/stagtbny/accr-rav.staggings.in/public/index.php(49): Illuminate\Foundation\Application->make()
#9 {main}
  thrown in /home/stagtbny/accr-rav.staggings.in/vendor/laravel/framework/src/Illuminate/Container/Container.php on line 891
[14-Jun-2023 04:38:34 UTC] PHP Warning:  include(/home/stagtbny/accr-rav.staggings.in/vendor/composer/../../app/Http/Kernel.php): Failed to open stream: No such file or directory in /home/stagtbny/accr-rav.staggings.in/vendor/composer/ClassLoader.php on line 571
[14-Jun-2023 04:38:34 UTC] PHP Warning:  include(): Failed opening '/home/stagtbny/accr-rav.staggings.in/vendor/composer/../../app/Http/Kernel.php' for inclusion (include_path='.:/opt/alt/php80/usr/share/pear:/opt/alt/php80/usr/share/php:/usr/share/pear:/usr/share/php') in /home/stagtbny/accr-rav.staggings.in/vendor/composer/ClassLoader.php on line 571
[14-Jun-2023 04:38:34 UTC] PHP Fatal error:  Uncaught ReflectionException: Class "App\Http\Kernel" does not exist in /home/stagtbny/accr-rav.staggings.in/vendor/laravel/framework/src/Illuminate/Container/Container.php:889
Stack trace:
#0 /home/stagtbny/accr-rav.staggings.in/vendor/laravel/framework/src/Illuminate/Container/Container.php(889): ReflectionClass->__construct()
#1 /home/stagtbny/accr-rav.staggings.in/vendor/laravel/framework/src/Illuminate/Container/Container.php(770): Illuminate\Container\Container->build()
#2 /home/stagtbny/accr-rav.staggings.in/vendor/laravel/framework/src/Illuminate/Foundation/Application.php(856): Illuminate\Container\Container->resolve()
#3 /home/stagtbny/accr-rav.staggings.in/vendor/laravel/framework/src/Illuminate/Container/Container.php(296): Illuminate\Foundation\Application->resolve()
#4 /home/stagtbny/accr-rav.staggings.in/vendor/laravel/framework/src/Illuminate/Container/Container.php(885): Illuminate\Container\Container->Illuminate\Container\{closure}()
#5 /home/stagtbny/accr-rav.staggings.in/vendor/laravel/framework/src/Illuminate/Container/Container.php(770): Illuminate\Container\Container->build()
#6 /home/stagtbny/accr-rav.staggings.in/vendor/laravel/framework/src/Illuminate/Foundation/Application.php(856): Illuminate\Container\Container->resolve()
#7 /home/stagtbny/accr-rav.staggings.in/vendor/laravel/framework/src/Illuminate/Container/Container.php(706): Illuminate\Foundation\Application->resolve()
#8 /home/stagtbny/accr-rav.staggings.in/vendor/laravel/framework/src/Illuminate/Foundation/Application.php(841): Illuminate\Container\Container->make()
#9 /home/stagtbny/accr-rav.staggings.in/public/index.php(49): Illuminate\Foundation\Application->make()
#10 {main}

Next Illuminate\Contracts\Container\BindingResolutionException: Target class [App\Http\Kernel] does not exist. in /home/stagtbny/accr-rav.staggings.in/vendor/laravel/framework/src/Illuminate/Container/Container.php:891
Stack trace:
#0 /home/stagtbny/accr-rav.staggings.in/vendor/laravel/framework/src/Illuminate/Container/Container.php(770): Illuminate\Container\Container->build()
#1 /home/stagtbny/accr-rav.staggings.in/vendor/laravel/framework/src/Illuminate/Foundation/Application.php(856): Illuminate\Container\Container->resolve()
#2 /home/stagtbny/accr-rav.staggings.in/vendor/laravel/framework/src/Illuminate/Container/Container.php(296): Illuminate\Foundation\Application->resolve()
#3 /home/stagtbny/accr-rav.staggings.in/vendor/laravel/framework/src/Illuminate/Container/Container.php(885): Illuminate\Container\Container->Illuminate\Container\{closure}()
#4 /home/stagtbny/accr-rav.staggings.in/vendor/laravel/framework/src/Illuminate/Container/Container.php(770): Illuminate\Container\Container->build()
#5 /home/stagtbny/accr-rav.staggings.in/vendor/laravel/framework/src/Illuminate/Foundation/Application.php(856): Illuminate\Container\Container->resolve()
#6 /home/stagtbny/accr-rav.staggings.in/vendor/laravel/framework/src/Illuminate/Container/Container.php(706): Illuminate\Foundation\Application->resolve()
#7 /home/stagtbny/accr-rav.staggings.in/vendor/laravel/framework/src/Illuminate/Foundation/Application.php(841): Illuminate\Container\Container->make()
#8 /home/stagtbny/accr-rav.staggings.in/public/index.php(49): Illuminate\Foundation\Application->make()
#9 {main}
  thrown in /home/stagtbny/accr-rav.staggings.in/vendor/laravel/framework/src/Illuminate/Container/Container.php on line 891
[18-Jul-2023 05:32:06 UTC] PHP Warning:  require(/home/stagtbny/accr-rav.staggings.in/vendor/composer/../../app/helpers.php): Failed to open stream: No such file or directory in /home/stagtbny/accr-rav.staggings.in/vendor/composer/autoload_real.php on line 78
[18-Jul-2023 05:32:06 UTC] PHP Fatal error:  Uncaught Error: Failed opening required '/home/stagtbny/accr-rav.staggings.in/vendor/composer/../../app/helpers.php' (include_path='.:/opt/alt/php80/usr/share/pear:/opt/alt/php80/usr/share/php:/usr/share/pear:/usr/share/php') in /home/stagtbny/accr-rav.staggings.in/vendor/composer/autoload_real.php:78
Stack trace:
#0 /home/stagtbny/accr-rav.staggings.in/vendor/composer/autoload_real.php(61): composerRequire7c2f2229437b5bd83ff9f3441dc9d88e()
#1 /home/stagtbny/accr-rav.staggings.in/vendor/autoload.php(7): ComposerAutoloaderInit7c2f2229437b5bd83ff9f3441dc9d88e::getLoader()
#2 /home/stagtbny/accr-rav.staggings.in/public/index.php(34): require('/home/stagtbny/...')
#3 {main}
  thrown in /home/stagtbny/accr-rav.staggings.in/vendor/composer/autoload_real.php on line 78
